<?xml version="1.0" encoding="UTF-8"?>
<testsuite xmlns:xsi="http://www.w3.org/2001/XMLSchema-instance" xsi:noNamespaceSchemaLocation="https://maven.apache.org/surefire/maven-surefire-plugin/xsd/surefire-test-report.xsd" name="com.consensus.LeaderElectionTest" time="12.098" tests="3" errors="0" skipped="0" failures="1">
  <properties>
[...]
</properties>
  <testcase name="testLeaderFailureAndReelection" classname="com.consensus.LeaderElectionTest" time="6.945">
    <failure message="A new leader should be elected after failure ==&gt; expected: &lt;true&gt; but was: &lt;false&gt;" type="org.opentest4j.AssertionFailedError"><![CDATA[org.opentest4j.AssertionFailedError: A new leader should be elected after failure ==> expected: <true> but was: <false>
	at com.consensus.LeaderElectionTest.testLeaderFailureAndReelection(LeaderElectionTest.java:109)
]]></failure>
    <system-err><![CDATA[May 18, 2025 11:47:49 PM com.consensus.RaftConsensus startServer
INFO: Raft node node1 listening on port 10000
May 18, 2025 11:47:49 PM com.consensus.RaftConsensus start
INFO: Raft node node1 started on port 10000
May 18, 2025 11:47:49 PM com.consensus.RaftConsensus lambda$startElectionTimer$2
INFO: Node node1 starting election for term 1
May 18, 2025 11:47:49 PM com.consensus.RaftConsensus startElection
INFO: Node node1 became candidate for term 1
May 18, 2025 11:47:49 PM com.consensus.RaftConsensus startServer
INFO: Raft node node2 listening on port 10001
May 18, 2025 11:47:49 PM com.consensus.RaftConsensus lambda$getOrCreateSocket$5
WARNING: Connection attempt 1 failed for peer localhost:10002: Connection refused: getsockopt
May 18, 2025 11:47:49 PM com.consensus.RaftConsensus handleRequestVote
INFO: Node node2 updated term to 1
May 18, 2025 11:47:49 PM com.consensus.RaftConsensus handleRequestVote
INFO: Node node2 granted vote to node1 for term 1
May 18, 2025 11:47:49 PM com.consensus.RaftConsensus lambda$startElection$3
INFO: Node node1 received vote from localhost:10001
May 18, 2025 11:47:50 PM com.consensus.RaftConsensus start
INFO: Raft node node2 started on port 10001
May 18, 2025 11:47:50 PM com.consensus.RaftConsensus lambda$getOrCreateSocket$5
WARNING: Connection attempt 2 failed for peer localhost:10002: Socket closed
May 18, 2025 11:47:50 PM com.consensus.RaftConsensus startServer
INFO: Raft node node3 listening on port 10002
May 18, 2025 11:47:50 PM com.consensus.RaftConsensus lambda$startElectionTimer$2
INFO: Node node2 starting election for term 2
May 18, 2025 11:47:50 PM com.consensus.RaftConsensus startElection
INFO: Node node2 became candidate for term 2
May 18, 2025 11:47:50 PM com.consensus.RaftConsensus handleRequestVote
INFO: Node node1 updated term to 2
May 18, 2025 11:47:50 PM com.consensus.RaftConsensus handleRequestVote
INFO: Node node1 granted vote to node2 for term 2
May 18, 2025 11:47:50 PM com.consensus.RaftConsensus handleRequestVote
INFO: Node node3 updated term to 2
May 18, 2025 11:47:50 PM com.consensus.RaftConsensus lambda$startElection$3
INFO: Node node2 received vote from localhost:10000
May 18, 2025 11:47:50 PM com.consensus.RaftConsensus handleRequestVote
INFO: Node node3 granted vote to node2 for term 2
May 18, 2025 11:47:50 PM com.consensus.RaftConsensus lambda$startElection$3
INFO: Node node2 received vote from localhost:10002
May 18, 2025 11:47:50 PM com.consensus.RaftConsensus becomeLeader
INFO: Node node2 became leader for term 2
May 18, 2025 11:47:50 PM com.consensus.RaftConsensus sendMessage
WARNING: Error sending message to peer localhost:10000: An established connection was aborted by the software in your host machine
May 18, 2025 11:47:50 PM com.consensus.RaftConsensus sendMessage
WARNING: Error sending message to peer localhost:10002: An established connection was aborted by the software in your host machine
May 18, 2025 11:47:50 PM com.consensus.RaftConsensus lambda$getOrCreateSocket$5
WARNING: Connection attempt 3 failed for peer localhost:10002: Socket closed
May 18, 2025 11:47:50 PM com.consensus.RaftConsensus start
INFO: Raft node node3 started on port 10002
May 18, 2025 11:47:50 PM com.consensus.RaftConsensus lambda$startElectionTimer$2
INFO: Node node2 detected leader failure
May 18, 2025 11:47:50 PM com.consensus.RaftConsensus lambda$startElectionTimer$2
INFO: Node node3 starting election for term 3
May 18, 2025 11:47:50 PM com.consensus.RaftConsensus startElection
INFO: Node node3 became candidate for term 3
May 18, 2025 11:47:50 PM com.consensus.RaftConsensus handleRequestVote
INFO: Node node2 updated term to 3
May 18, 2025 11:47:50 PM com.consensus.RaftConsensus handleRequestVote
INFO: Node node2 granted vote to node3 for term 3
May 18, 2025 11:47:50 PM com.consensus.RaftConsensus handleRequestVote
INFO: Node node1 updated term to 3
May 18, 2025 11:47:50 PM com.consensus.RaftConsensus handleRequestVote
INFO: Node node1 granted vote to node3 for term 3
May 18, 2025 11:47:50 PM com.consensus.RaftConsensus lambda$startElection$3
INFO: Node node3 received vote from localhost:10001
May 18, 2025 11:47:50 PM com.consensus.RaftConsensus lambda$startElection$3
INFO: Node node3 received vote from localhost:10000
May 18, 2025 11:47:50 PM com.consensus.RaftConsensus becomeLeader
INFO: Node node3 became leader for term 3
May 18, 2025 11:47:50 PM com.consensus.RaftConsensus sendMessage
WARNING: Error sending message to peer localhost:10000: An established connection was aborted by the software in your host machine
May 18, 2025 11:47:50 PM com.consensus.RaftConsensus sendMessage
WARNING: Error sending message to peer localhost:10001: An established connection was aborted by the software in your host machine
May 18, 2025 11:47:50 PM com.consensus.RaftConsensus stop
INFO: Raft node node3 stopped
May 18, 2025 11:47:50 PM com.consensus.RaftConsensus lambda$startElectionTimer$2
INFO: Node node1 starting election for term 4
May 18, 2025 11:47:50 PM com.consensus.RaftConsensus startElection
INFO: Node node1 became candidate for term 4
May 18, 2025 11:47:50 PM com.consensus.RaftConsensus sendMessage
WARNING: Error sending message to peer localhost:10002: An established connection was aborted by the software in your host machine
May 18, 2025 11:47:50 PM com.consensus.RaftConsensus sendMessage
WARNING: Error sending message to peer localhost:10001: An established connection was aborted by the software in your host machine
May 18, 2025 11:47:50 PM com.consensus.RaftConsensus lambda$startElectionTimer$2
INFO: Node node2 starting election for term 4
May 18, 2025 11:47:50 PM com.consensus.RaftConsensus startElection
INFO: Node node2 became candidate for term 4
May 18, 2025 11:47:50 PM com.consensus.RaftConsensus lambda$getOrCreateSocket$5
WARNING: Connection attempt 1 failed for peer localhost:10002: Connection refused: getsockopt
May 18, 2025 11:47:50 PM com.consensus.RaftConsensus lambda$getOrCreateSocket$5
WARNING: Connection attempt 2 failed for peer localhost:10002: Socket closed
May 18, 2025 11:47:50 PM com.consensus.RaftConsensus lambda$getOrCreateSocket$5
WARNING: Connection attempt 3 failed for peer localhost:10002: Socket closed
May 18, 2025 11:47:51 PM com.consensus.RaftConsensus lambda$getOrCreateSocket$5
WARNING: Connection attempt 1 failed for peer localhost:10002: Connection refused: getsockopt
May 18, 2025 11:47:51 PM com.consensus.RaftConsensus lambda$startElectionTimer$2
INFO: Node node1 starting election for term 5
May 18, 2025 11:47:51 PM com.consensus.RaftConsensus startElection
INFO: Node node1 became candidate for term 5
May 18, 2025 11:47:51 PM com.consensus.RaftConsensus handleRequestVote
INFO: Node node2 updated term to 5
May 18, 2025 11:47:51 PM com.consensus.RaftConsensus handleRequestVote
INFO: Node node2 granted vote to node1 for term 5
May 18, 2025 11:47:51 PM com.consensus.RaftConsensus lambda$startElection$3
INFO: Node node1 received vote from localhost:10001
May 18, 2025 11:47:51 PM com.consensus.RaftConsensus lambda$getOrCreateSocket$5
WARNING: Connection attempt 1 failed for peer localhost:10002: Connection refused: getsockopt
May 18, 2025 11:47:51 PM com.consensus.RaftConsensus lambda$getOrCreateSocket$5
WARNING: Connection attempt 2 failed for peer localhost:10002: Socket closed
May 18, 2025 11:47:51 PM com.consensus.RaftConsensus lambda$getOrCreateSocket$5
WARNING: Connection attempt 2 failed for peer localhost:10002: Socket closed
May 18, 2025 11:47:51 PM com.consensus.RaftConsensus lambda$getOrCreateSocket$5
WARNING: Connection attempt 3 failed for peer localhost:10002: Socket closed
May 18, 2025 11:47:51 PM com.consensus.RaftConsensus lambda$startElectionTimer$2
INFO: Node node2 starting election for term 6
May 18, 2025 11:47:51 PM com.consensus.RaftConsensus startElection
INFO: Node node2 became candidate for term 6
May 18, 2025 11:47:51 PM com.consensus.RaftConsensus sendMessage
WARNING: Error sending message to peer localhost:10000: An established connection was aborted by the software in your host machine
May 18, 2025 11:47:51 PM com.consensus.RaftConsensus lambda$getOrCreateSocket$5
WARNING: Connection attempt 3 failed for peer localhost:10002: Socket closed
May 18, 2025 11:47:51 PM com.consensus.RaftConsensus lambda$getOrCreateSocket$5
WARNING: Connection attempt 1 failed for peer localhost:10002: Connection refused: getsockopt
May 18, 2025 11:47:51 PM com.consensus.RaftConsensus lambda$getOrCreateSocket$5
WARNING: Connection attempt 1 failed for peer localhost:10002: Connection refused: getsockopt
May 18, 2025 11:47:51 PM com.consensus.RaftConsensus lambda$getOrCreateSocket$5
WARNING: Connection attempt 2 failed for peer localhost:10002: Socket closed
May 18, 2025 11:47:51 PM com.consensus.RaftConsensus lambda$getOrCreateSocket$5
WARNING: Connection attempt 2 failed for peer localhost:10002: Socket closed
May 18, 2025 11:47:51 PM com.consensus.RaftConsensus lambda$startElectionTimer$2
INFO: Node node1 starting election for term 6
May 18, 2025 11:47:51 PM com.consensus.RaftConsensus startElection
INFO: Node node1 became candidate for term 6
May 18, 2025 11:47:51 PM com.consensus.RaftConsensus sendMessage
WARNING: Error sending message to peer localhost:10001: An established connection was aborted by the software in your host machine
May 18, 2025 11:47:51 PM com.consensus.RaftConsensus lambda$getOrCreateSocket$5
WARNING: Connection attempt 3 failed for peer localhost:10002: Socket closed
May 18, 2025 11:47:51 PM com.consensus.RaftConsensus lambda$getOrCreateSocket$5
WARNING: Connection attempt 3 failed for peer localhost:10002: Socket closed
May 18, 2025 11:47:51 PM com.consensus.RaftConsensus lambda$getOrCreateSocket$5
WARNING: Connection attempt 1 failed for peer localhost:10002: Connection refused: getsockopt
May 18, 2025 11:47:51 PM com.consensus.RaftConsensus lambda$getOrCreateSocket$5
WARNING: Connection attempt 1 failed for peer localhost:10002: Connection refused: getsockopt
May 18, 2025 11:47:51 PM com.consensus.RaftConsensus lambda$startElectionTimer$2
INFO: Node node2 starting election for term 7
May 18, 2025 11:47:51 PM com.consensus.RaftConsensus startElection
INFO: Node node2 became candidate for term 7
May 18, 2025 11:47:51 PM com.consensus.RaftConsensus handleRequestVote
INFO: Node node1 updated term to 7
May 18, 2025 11:47:51 PM com.consensus.RaftConsensus handleRequestVote
INFO: Node node1 granted vote to node2 for term 7
May 18, 2025 11:47:51 PM com.consensus.RaftConsensus lambda$startElection$3
INFO: Node node2 received vote from localhost:10000
May 18, 2025 11:47:51 PM com.consensus.RaftConsensus lambda$getOrCreateSocket$5
WARNING: Connection attempt 2 failed for peer localhost:10002: Socket closed
May 18, 2025 11:47:51 PM com.consensus.RaftConsensus lambda$getOrCreateSocket$5
WARNING: Connection attempt 2 failed for peer localhost:10002: Socket closed
May 18, 2025 11:47:52 PM com.consensus.RaftConsensus lambda$getOrCreateSocket$5
WARNING: Connection attempt 3 failed for peer localhost:10002: Socket closed
May 18, 2025 11:47:52 PM com.consensus.RaftConsensus lambda$getOrCreateSocket$5
WARNING: Connection attempt 3 failed for peer localhost:10002: Socket closed
May 18, 2025 11:47:52 PM com.consensus.RaftConsensus lambda$getOrCreateSocket$5
WARNING: Connection attempt 1 failed for peer localhost:10002: Connection refused: getsockopt
May 18, 2025 11:47:52 PM com.consensus.RaftConsensus lambda$startElectionTimer$2
INFO: Node node1 starting election for term 8
May 18, 2025 11:47:52 PM com.consensus.RaftConsensus startElection
INFO: Node node1 became candidate for term 8
May 18, 2025 11:47:52 PM com.consensus.RaftConsensus handleRequestVote
INFO: Node node2 updated term to 8
May 18, 2025 11:47:52 PM com.consensus.RaftConsensus handleRequestVote
INFO: Node node2 granted vote to node1 for term 8
May 18, 2025 11:47:52 PM com.consensus.RaftConsensus lambda$startElection$3
INFO: Node node1 received vote from localhost:10001
May 18, 2025 11:47:52 PM com.consensus.RaftConsensus lambda$getOrCreateSocket$5
WARNING: Connection attempt 2 failed for peer localhost:10002: Socket closed
May 18, 2025 11:47:52 PM com.consensus.RaftConsensus lambda$getOrCreateSocket$5
WARNING: Connection attempt 1 failed for peer localhost:10002: Connection refused: getsockopt
May 18, 2025 11:47:52 PM com.consensus.RaftConsensus lambda$getOrCreateSocket$5
WARNING: Connection attempt 2 failed for peer localhost:10002: Socket closed
May 18, 2025 11:47:52 PM com.consensus.RaftConsensus lambda$getOrCreateSocket$5
WARNING: Connection attempt 3 failed for peer localhost:10002: Socket closed
May 18, 2025 11:47:52 PM com.consensus.RaftConsensus lambda$getOrCreateSocket$5
WARNING: Connection attempt 1 failed for peer localhost:10002: Connection refused: getsockopt
May 18, 2025 11:47:52 PM com.consensus.RaftConsensus lambda$getOrCreateSocket$5
WARNING: Connection attempt 3 failed for peer localhost:10002: Socket closed
May 18, 2025 11:47:52 PM com.consensus.RaftConsensus lambda$startElectionTimer$2
INFO: Node node2 starting election for term 9
May 18, 2025 11:47:52 PM com.consensus.RaftConsensus startElection
INFO: Node node2 became candidate for term 9
May 18, 2025 11:47:52 PM com.consensus.RaftConsensus sendMessage
WARNING: Error sending message to peer localhost:10000: An established connection was aborted by the software in your host machine
May 18, 2025 11:47:52 PM com.consensus.RaftConsensus lambda$getOrCreateSocket$5
WARNING: Connection attempt 1 failed for peer localhost:10002: Connection refused: getsockopt
May 18, 2025 11:47:52 PM com.consensus.RaftConsensus lambda$getOrCreateSocket$5
WARNING: Connection attempt 2 failed for peer localhost:10002: Socket closed
May 18, 2025 11:47:52 PM com.consensus.RaftConsensus lambda$getOrCreateSocket$5
WARNING: Connection attempt 2 failed for peer localhost:10002: Socket closed
May 18, 2025 11:47:52 PM com.consensus.RaftConsensus lambda$startElectionTimer$2
INFO: Node node1 starting election for term 9
May 18, 2025 11:47:52 PM com.consensus.RaftConsensus startElection
INFO: Node node1 became candidate for term 9
May 18, 2025 11:47:52 PM com.consensus.RaftConsensus sendMessage
WARNING: Error sending message to peer localhost:10001: An established connection was aborted by the software in your host machine
May 18, 2025 11:47:52 PM com.consensus.RaftConsensus lambda$getOrCreateSocket$5
WARNING: Connection attempt 3 failed for peer localhost:10002: Socket closed
May 18, 2025 11:47:52 PM com.consensus.RaftConsensus lambda$getOrCreateSocket$5
WARNING: Connection attempt 3 failed for peer localhost:10002: Socket closed
May 18, 2025 11:47:52 PM com.consensus.RaftConsensus lambda$getOrCreateSocket$5
WARNING: Connection attempt 1 failed for peer localhost:10002: Connection refused: getsockopt
May 18, 2025 11:47:52 PM com.consensus.RaftConsensus lambda$getOrCreateSocket$5
WARNING: Connection attempt 1 failed for peer localhost:10002: Connection refused: getsockopt
May 18, 2025 11:47:52 PM com.consensus.RaftConsensus lambda$getOrCreateSocket$5
WARNING: Connection attempt 2 failed for peer localhost:10002: Socket closed
May 18, 2025 11:47:53 PM com.consensus.RaftConsensus lambda$startElectionTimer$2
INFO: Node node2 starting election for term 10
May 18, 2025 11:47:53 PM com.consensus.RaftConsensus lambda$getOrCreateSocket$5
WARNING: Connection attempt 2 failed for peer localhost:10002: Socket closed
May 18, 2025 11:47:53 PM com.consensus.RaftConsensus startElection
INFO: Node node2 became candidate for term 10
May 18, 2025 11:47:53 PM com.consensus.RaftConsensus handleRequestVote
INFO: Node node1 updated term to 10
May 18, 2025 11:47:53 PM com.consensus.RaftConsensus handleRequestVote
INFO: Node node1 granted vote to node2 for term 10
May 18, 2025 11:47:53 PM com.consensus.RaftConsensus lambda$startElection$3
INFO: Node node2 received vote from localhost:10000
May 18, 2025 11:47:53 PM com.consensus.RaftConsensus lambda$getOrCreateSocket$5
WARNING: Connection attempt 3 failed for peer localhost:10002: Socket closed
May 18, 2025 11:47:53 PM com.consensus.RaftConsensus lambda$getOrCreateSocket$5
WARNING: Connection attempt 3 failed for peer localhost:10002: Socket closed
May 18, 2025 11:47:53 PM com.consensus.RaftConsensus lambda$getOrCreateSocket$5
WARNING: Connection attempt 1 failed for peer localhost:10002: Connection refused: getsockopt
May 18, 2025 11:47:53 PM com.consensus.RaftConsensus lambda$startElectionTimer$2
INFO: Node node1 starting election for term 11
May 18, 2025 11:47:53 PM com.consensus.RaftConsensus startElection
INFO: Node node1 became candidate for term 11
May 18, 2025 11:47:53 PM com.consensus.RaftConsensus handleRequestVote
INFO: Node node2 updated term to 11
May 18, 2025 11:47:53 PM com.consensus.RaftConsensus handleRequestVote
INFO: Node node2 granted vote to node1 for term 11
May 18, 2025 11:47:53 PM com.consensus.RaftConsensus lambda$startElection$3
INFO: Node node1 received vote from localhost:10001
May 18, 2025 11:47:53 PM com.consensus.RaftConsensus lambda$getOrCreateSocket$5
WARNING: Connection attempt 2 failed for peer localhost:10002: Socket closed
May 18, 2025 11:47:53 PM com.consensus.RaftConsensus lambda$getOrCreateSocket$5
WARNING: Connection attempt 1 failed for peer localhost:10002: Connection refused: getsockopt
May 18, 2025 11:47:53 PM com.consensus.RaftConsensus lambda$getOrCreateSocket$5
WARNING: Connection attempt 2 failed for peer localhost:10002: Socket closed
May 18, 2025 11:47:53 PM com.consensus.RaftConsensus lambda$getOrCreateSocket$5
WARNING: Connection attempt 3 failed for peer localhost:10002: Socket closed
May 18, 2025 11:47:53 PM com.consensus.RaftConsensus lambda$startElectionTimer$2
INFO: Node node2 starting election for term 12
May 18, 2025 11:47:53 PM com.consensus.RaftConsensus startElection
INFO: Node node2 became candidate for term 12
May 18, 2025 11:47:53 PM com.consensus.RaftConsensus sendMessage
WARNING: Error sending message to peer localhost:10000: An established connection was aborted by the software in your host machine
May 18, 2025 11:47:53 PM com.consensus.RaftConsensus lambda$getOrCreateSocket$5
WARNING: Connection attempt 1 failed for peer localhost:10002: Connection refused: getsockopt
May 18, 2025 11:47:53 PM com.consensus.RaftConsensus lambda$getOrCreateSocket$5
WARNING: Connection attempt 3 failed for peer localhost:10002: Socket closed
May 18, 2025 11:47:53 PM com.consensus.RaftConsensus lambda$getOrCreateSocket$5
WARNING: Connection attempt 1 failed for peer localhost:10002: Connection refused: getsockopt
May 18, 2025 11:47:53 PM com.consensus.RaftConsensus lambda$getOrCreateSocket$5
WARNING: Connection attempt 2 failed for peer localhost:10002: Socket closed
May 18, 2025 11:47:53 PM com.consensus.RaftConsensus lambda$getOrCreateSocket$5
WARNING: Connection attempt 2 failed for peer localhost:10002: Socket closed
May 18, 2025 11:47:53 PM com.consensus.RaftConsensus lambda$startElectionTimer$2
INFO: Node node1 starting election for term 12
May 18, 2025 11:47:53 PM com.consensus.RaftConsensus startElection
INFO: Node node1 became candidate for term 12
May 18, 2025 11:47:53 PM com.consensus.RaftConsensus sendMessage
WARNING: Error sending message to peer localhost:10001: An established connection was aborted by the software in your host machine
May 18, 2025 11:47:53 PM com.consensus.RaftConsensus lambda$getOrCreateSocket$5
WARNING: Connection attempt 3 failed for peer localhost:10002: Socket closed
May 18, 2025 11:47:53 PM com.consensus.RaftConsensus lambda$getOrCreateSocket$5
WARNING: Connection attempt 3 failed for peer localhost:10002: Socket closed
May 18, 2025 11:47:54 PM com.consensus.RaftConsensus lambda$getOrCreateSocket$5
WARNING: Connection attempt 1 failed for peer localhost:10002: Connection refused: getsockopt
May 18, 2025 11:47:54 PM com.consensus.RaftConsensus lambda$getOrCreateSocket$5
WARNING: Connection attempt 1 failed for peer localhost:10002: Connection refused: getsockopt
May 18, 2025 11:47:54 PM com.consensus.RaftConsensus lambda$startElectionTimer$2
INFO: Node node2 starting election for term 13
May 18, 2025 11:47:54 PM com.consensus.RaftConsensus startElection
INFO: Node node2 became candidate for term 13
May 18, 2025 11:47:54 PM com.consensus.RaftConsensus handleRequestVote
INFO: Node node1 updated term to 13
May 18, 2025 11:47:54 PM com.consensus.RaftConsensus handleRequestVote
INFO: Node node1 granted vote to node2 for term 13
May 18, 2025 11:47:54 PM com.consensus.RaftConsensus lambda$startElection$3
INFO: Node node2 received vote from localhost:10000
May 18, 2025 11:47:54 PM com.consensus.RaftConsensus lambda$getOrCreateSocket$5
WARNING: Connection attempt 2 failed for peer localhost:10002: Socket closed
May 18, 2025 11:47:54 PM com.consensus.RaftConsensus lambda$getOrCreateSocket$5
WARNING: Connection attempt 2 failed for peer localhost:10002: Socket closed
May 18, 2025 11:47:54 PM com.consensus.RaftConsensus lambda$getOrCreateSocket$5
WARNING: Connection attempt 3 failed for peer localhost:10002: Socket closed
May 18, 2025 11:47:54 PM com.consensus.RaftConsensus lambda$getOrCreateSocket$5
WARNING: Connection attempt 3 failed for peer localhost:10002: Socket closed
May 18, 2025 11:47:54 PM com.consensus.RaftConsensus lambda$getOrCreateSocket$5
WARNING: Connection attempt 1 failed for peer localhost:10002: Connection refused: getsockopt
May 18, 2025 11:47:54 PM com.consensus.RaftConsensus lambda$startElectionTimer$2
INFO: Node node1 starting election for term 14
May 18, 2025 11:47:54 PM com.consensus.RaftConsensus startElection
INFO: Node node1 became candidate for term 14
May 18, 2025 11:47:54 PM com.consensus.RaftConsensus handleRequestVote
INFO: Node node2 updated term to 14
May 18, 2025 11:47:54 PM com.consensus.RaftConsensus handleRequestVote
INFO: Node node2 granted vote to node1 for term 14
May 18, 2025 11:47:54 PM com.consensus.RaftConsensus lambda$startElection$3
INFO: Node node1 received vote from localhost:10001
May 18, 2025 11:47:54 PM com.consensus.RaftConsensus lambda$getOrCreateSocket$5
WARNING: Connection attempt 2 failed for peer localhost:10002: Socket closed
May 18, 2025 11:47:54 PM com.consensus.RaftConsensus lambda$getOrCreateSocket$5
WARNING: Connection attempt 1 failed for peer localhost:10002: Connection refused: getsockopt
May 18, 2025 11:47:54 PM com.consensus.RaftConsensus lambda$getOrCreateSocket$5
WARNING: Connection attempt 2 failed for peer localhost:10002: Socket closed
May 18, 2025 11:47:54 PM com.consensus.RaftConsensus lambda$getOrCreateSocket$5
WARNING: Connection attempt 3 failed for peer localhost:10002: Socket closed
May 18, 2025 11:47:54 PM com.consensus.RaftConsensus lambda$startElectionTimer$2
INFO: Node node2 starting election for term 15
May 18, 2025 11:47:54 PM com.consensus.RaftConsensus startElection
INFO: Node node2 became candidate for term 15
May 18, 2025 11:47:54 PM com.consensus.RaftConsensus sendMessage
WARNING: Error sending message to peer localhost:10000: An established connection was aborted by the software in your host machine
May 18, 2025 11:47:54 PM com.consensus.RaftConsensus lambda$getOrCreateSocket$5
WARNING: Connection attempt 1 failed for peer localhost:10002: Connection refused: getsockopt
May 18, 2025 11:47:54 PM com.consensus.RaftConsensus lambda$getOrCreateSocket$5
WARNING: Connection attempt 3 failed for peer localhost:10002: Socket closed
May 18, 2025 11:47:54 PM com.consensus.RaftConsensus lambda$getOrCreateSocket$5
WARNING: Connection attempt 1 failed for peer localhost:10002: Connection refused: getsockopt
May 18, 2025 11:47:54 PM com.consensus.RaftConsensus lambda$getOrCreateSocket$5
WARNING: Connection attempt 2 failed for peer localhost:10002: Socket closed
May 18, 2025 11:47:54 PM com.consensus.RaftConsensus lambda$startElectionTimer$2
INFO: Node node1 starting election for term 15
May 18, 2025 11:47:54 PM com.consensus.RaftConsensus startElection
INFO: Node node1 became candidate for term 15
May 18, 2025 11:47:54 PM com.consensus.RaftConsensus sendMessage
WARNING: Error sending message to peer localhost:10001: An established connection was aborted by the software in your host machine
May 18, 2025 11:47:54 PM com.consensus.RaftConsensus lambda$getOrCreateSocket$5
WARNING: Connection attempt 2 failed for peer localhost:10002: Socket closed
May 18, 2025 11:47:54 PM com.consensus.RaftConsensus lambda$getOrCreateSocket$5
WARNING: Connection attempt 3 failed for peer localhost:10002: Socket closed
May 18, 2025 11:47:55 PM com.consensus.RaftConsensus lambda$getOrCreateSocket$5
WARNING: Connection attempt 3 failed for peer localhost:10002: Socket closed
May 18, 2025 11:47:55 PM com.consensus.RaftConsensus lambda$getOrCreateSocket$5
WARNING: Connection attempt 1 failed for peer localhost:10002: Connection refused: getsockopt
May 18, 2025 11:47:55 PM com.consensus.RaftConsensus lambda$getOrCreateSocket$5
WARNING: Connection attempt 1 failed for peer localhost:10002: Connection refused: getsockopt
May 18, 2025 11:47:55 PM com.consensus.RaftConsensus lambda$startElectionTimer$2
INFO: Node node2 starting election for term 16
May 18, 2025 11:47:55 PM com.consensus.RaftConsensus startElection
INFO: Node node2 became candidate for term 16
May 18, 2025 11:47:55 PM com.consensus.RaftConsensus handleRequestVote
INFO: Node node1 updated term to 16
May 18, 2025 11:47:55 PM com.consensus.RaftConsensus handleRequestVote
INFO: Node node1 granted vote to node2 for term 16
May 18, 2025 11:47:55 PM com.consensus.RaftConsensus lambda$startElection$3
INFO: Node node2 received vote from localhost:10000
May 18, 2025 11:47:55 PM com.consensus.RaftConsensus lambda$getOrCreateSocket$5
WARNING: Connection attempt 2 failed for peer localhost:10002: Socket closed
May 18, 2025 11:47:55 PM com.consensus.RaftConsensus lambda$getOrCreateSocket$5
WARNING: Connection attempt 2 failed for peer localhost:10002: Socket closed
May 18, 2025 11:47:55 PM com.consensus.RaftConsensus lambda$getOrCreateSocket$5
WARNING: Connection attempt 3 failed for peer localhost:10002: Socket closed
May 18, 2025 11:47:55 PM com.consensus.RaftConsensus lambda$getOrCreateSocket$5
WARNING: Connection attempt 3 failed for peer localhost:10002: Socket closed
May 18, 2025 11:47:55 PM com.consensus.RaftConsensus lambda$startElectionTimer$2
INFO: Node node1 starting election for term 17
May 18, 2025 11:47:55 PM com.consensus.RaftConsensus startElection
INFO: Node node1 became candidate for term 17
May 18, 2025 11:47:55 PM com.consensus.RaftConsensus lambda$getOrCreateSocket$5
WARNING: Connection attempt 1 failed for peer localhost:10002: Connection refused: getsockopt
May 18, 2025 11:47:55 PM com.consensus.RaftConsensus handleRequestVote
INFO: Node node2 updated term to 17
May 18, 2025 11:47:55 PM com.consensus.RaftConsensus handleRequestVote
INFO: Node node2 granted vote to node1 for term 17
May 18, 2025 11:47:55 PM com.consensus.RaftConsensus lambda$startElection$3
INFO: Node node1 received vote from localhost:10001
May 18, 2025 11:47:55 PM com.consensus.RaftConsensus lambda$getOrCreateSocket$5
WARNING: Connection attempt 2 failed for peer localhost:10002: Socket closed
May 18, 2025 11:47:55 PM com.consensus.RaftConsensus lambda$getOrCreateSocket$5
WARNING: Connection attempt 1 failed for peer localhost:10002: Connection refused: getsockopt
May 18, 2025 11:47:55 PM com.consensus.RaftConsensus lambda$getOrCreateSocket$5
WARNING: Connection attempt 2 failed for peer localhost:10002: Socket closed
May 18, 2025 11:47:55 PM com.consensus.RaftConsensus lambda$getOrCreateSocket$5
WARNING: Connection attempt 3 failed for peer localhost:10002: Socket closed
May 18, 2025 11:47:55 PM com.consensus.RaftConsensus lambda$startElectionTimer$2
INFO: Node node2 starting election for term 18
May 18, 2025 11:47:55 PM com.consensus.RaftConsensus startElection
INFO: Node node2 became candidate for term 18
May 18, 2025 11:47:55 PM com.consensus.RaftConsensus sendMessage
WARNING: Error sending message to peer localhost:10000: An established connection was aborted by the software in your host machine
May 18, 2025 11:47:55 PM com.consensus.RaftConsensus lambda$getOrCreateSocket$5
WARNING: Connection attempt 1 failed for peer localhost:10002: Connection refused: getsockopt
May 18, 2025 11:47:55 PM com.consensus.RaftConsensus lambda$getOrCreateSocket$5
WARNING: Connection attempt 3 failed for peer localhost:10002: Socket closed
May 18, 2025 11:47:55 PM com.consensus.RaftConsensus lambda$getOrCreateSocket$5
WARNING: Connection attempt 1 failed for peer localhost:10002: Connection refused: getsockopt
May 18, 2025 11:47:55 PM com.consensus.RaftConsensus lambda$getOrCreateSocket$5
WARNING: Connection attempt 2 failed for peer localhost:10002: Socket closed
May 18, 2025 11:47:56 PM com.consensus.RaftConsensus lambda$getOrCreateSocket$5
WARNING: Connection attempt 2 failed for peer localhost:10002: Socket closed
May 18, 2025 11:47:56 PM com.consensus.RaftConsensus lambda$getOrCreateSocket$5
WARNING: Connection attempt 3 failed for peer localhost:10002: Socket closed
May 18, 2025 11:47:56 PM com.consensus.RaftConsensus lambda$getOrCreateSocket$5
WARNING: Connection attempt 3 failed for peer localhost:10002: Socket closed
May 18, 2025 11:47:56 PM com.consensus.RaftConsensus lambda$startElectionTimer$2
INFO: Node node2 starting election for term 19
May 18, 2025 11:47:56 PM com.consensus.RaftConsensus startElection
INFO: Node node2 became candidate for term 19
May 18, 2025 11:47:56 PM com.consensus.RaftConsensus lambda$getOrCreateSocket$5
WARNING: Connection attempt 1 failed for peer localhost:10002: Connection refused: getsockopt
May 18, 2025 11:47:56 PM com.consensus.RaftConsensus lambda$getOrCreateSocket$5
WARNING: Connection attempt 1 failed for peer localhost:10000: Connection refused: getsockopt
May 18, 2025 11:47:56 PM com.consensus.RaftConsensus stop
INFO: Raft node node1 stopped
May 18, 2025 11:47:56 PM com.consensus.RaftConsensus lambda$getOrCreateSocket$5
WARNING: Connection attempt 1 failed for peer localhost:10002: Connection refused: getsockopt
May 18, 2025 11:47:56 PM com.consensus.RaftConsensus lambda$startElection$3
WARNING: Error requesting vote from localhost:10002: Task java.util.concurrent.ScheduledThreadPoolExecutor$ScheduledFutureTask@35b8b38b[Not completed, task = java.util.concurrent.Executors$RunnableAdapter@7485b9b0[Wrapped task = com.consensus.RaftConsensus$$Lambda/0x000001ec810b4238@70ba23f8]] rejected from java.util.concurrent.ScheduledThreadPoolExecutor@223f3642[Terminated, pool size = 0, active threads = 0, queued tasks = 0, completed tasks = 45]
May 18, 2025 11:47:56 PM com.consensus.RaftConsensus lambda$getOrCreateSocket$5
WARNING: Connection attempt 1 failed for peer localhost:10002: Connection refused: getsockopt
May 18, 2025 11:47:56 PM com.consensus.RaftConsensus lambda$startElection$3
WARNING: Error requesting vote from localhost:10002: Task java.util.concurrent.ScheduledThreadPoolExecutor$ScheduledFutureTask@5ef66de[Not completed, task = java.util.concurrent.Executors$RunnableAdapter@b2899cb[Wrapped task = com.consensus.RaftConsensus$$Lambda/0x000001ec810b4238@70ba23f8]] rejected from java.util.concurrent.ScheduledThreadPoolExecutor@223f3642[Terminated, pool size = 0, active threads = 0, queued tasks = 0, completed tasks = 45]
May 18, 2025 11:47:56 PM com.consensus.RaftConsensus lambda$getOrCreateSocket$5
WARNING: Connection attempt 1 failed for peer localhost:10002: Connection refused: getsockopt
May 18, 2025 11:47:56 PM com.consensus.RaftConsensus lambda$startElection$3
WARNING: Error requesting vote from localhost:10002: Task java.util.concurrent.ScheduledThreadPoolExecutor$ScheduledFutureTask@26d28670[Not completed, task = java.util.concurrent.Executors$RunnableAdapter@28157d02[Wrapped task = com.consensus.RaftConsensus$$Lambda/0x000001ec810b4238@70ba23f8]] rejected from java.util.concurrent.ScheduledThreadPoolExecutor@223f3642[Terminated, pool size = 0, active threads = 0, queued tasks = 0, completed tasks = 45]
May 18, 2025 11:47:56 PM com.consensus.RaftConsensus lambda$getOrCreateSocket$5
WARNING: Connection attempt 1 failed for peer localhost:10002: Connection refused: getsockopt
May 18, 2025 11:47:56 PM com.consensus.RaftConsensus lambda$startElection$3
WARNING: Error requesting vote from localhost:10002: Task java.util.concurrent.ScheduledThreadPoolExecutor$ScheduledFutureTask@18e6e037[Not completed, task = java.util.concurrent.Executors$RunnableAdapter@16210c83[Wrapped task = com.consensus.RaftConsensus$$Lambda/0x000001ec810b4238@70ba23f8]] rejected from java.util.concurrent.ScheduledThreadPoolExecutor@223f3642[Terminated, pool size = 0, active threads = 0, queued tasks = 0, completed tasks = 45]
May 18, 2025 11:47:56 PM com.consensus.RaftConsensus lambda$getOrCreateSocket$5
WARNING: Connection attempt 1 failed for peer localhost:10002: Connection refused: getsockopt
May 18, 2025 11:47:56 PM com.consensus.RaftConsensus lambda$startElection$3
WARNING: Error requesting vote from localhost:10002: Task java.util.concurrent.ScheduledThreadPoolExecutor$ScheduledFutureTask@fbf2488[Not completed, task = java.util.concurrent.Executors$RunnableAdapter@178cad7[Wrapped task = com.consensus.RaftConsensus$$Lambda/0x000001ec810b4238@70ba23f8]] rejected from java.util.concurrent.ScheduledThreadPoolExecutor@223f3642[Terminated, pool size = 0, active threads = 0, queued tasks = 0, completed tasks = 45]
May 18, 2025 11:47:56 PM com.consensus.RaftConsensus lambda$getOrCreateSocket$5
WARNING: Connection attempt 2 failed for peer localhost:10000: Socket closed
May 18, 2025 11:47:56 PM com.consensus.RaftConsensus lambda$getOrCreateSocket$5
WARNING: Connection attempt 2 failed for peer localhost:10002: Socket closed
May 18, 2025 11:47:56 PM com.consensus.RaftConsensus lambda$getOrCreateSocket$5
WARNING: Connection attempt 3 failed for peer localhost:10000: Socket closed
May 18, 2025 11:47:56 PM com.consensus.RaftConsensus lambda$getOrCreateSocket$5
WARNING: Connection attempt 3 failed for peer localhost:10002: Socket closed
May 18, 2025 11:47:56 PM com.consensus.RaftConsensus stop
INFO: Raft node node2 stopped
May 18, 2025 11:47:56 PM com.consensus.RaftConsensus lambda$getOrCreateSocket$5
WARNING: Connection attempt 1 failed for peer localhost:10000: Connection refused: getsockopt
May 18, 2025 11:47:56 PM com.consensus.RaftConsensus stop
INFO: Raft node node3 stopped
May 18, 2025 11:47:56 PM com.consensus.RaftConsensus lambda$getOrCreateSocket$5
WARNING: Connection attempt 1 failed for peer localhost:10002: Connection refused: getsockopt
May 18, 2025 11:47:56 PM com.consensus.RaftConsensus lambda$startElection$3
WARNING: Error requesting vote from localhost:10002: Task java.util.concurrent.ScheduledThreadPoolExecutor$ScheduledFutureTask@1e6b223c[Not completed, task = java.util.concurrent.Executors$RunnableAdapter@10acce59[Wrapped task = com.consensus.RaftConsensus$$Lambda/0x000001ec810b4238@70ba23f8]] rejected from java.util.concurrent.ScheduledThreadPoolExecutor@ec756bd[Terminated, pool size = 0, active threads = 0, queued tasks = 0, completed tasks = 51]
May 18, 2025 11:47:56 PM com.consensus.RaftConsensus lambda$startElection$3
WARNING: Error requesting vote from localhost:10000: Task java.util.concurrent.ScheduledThreadPoolExecutor$ScheduledFutureTask@71da893f[Not completed, task = java.util.concurrent.Executors$RunnableAdapter@7f1d78ac[Wrapped task = com.consensus.RaftConsensus$$Lambda/0x000001ec810b4238@70ba23f8]] rejected from java.util.concurrent.ScheduledThreadPoolExecutor@ec756bd[Terminated, pool size = 0, active threads = 0, queued tasks = 0, completed tasks = 51]
]]></system-err>
  </testcase>
  <testcase name="testTermIncrement" classname="com.consensus.LeaderElectionTest" time="1.852"/>
  <testcase name="testInitialLeaderElection" classname="com.consensus.LeaderElectionTest" time="3.286"/>
</testsuite>